{
"/Users/Verem/Code/busy-hubs/server/controllers/index.js":{"path":"/Users/Verem/Code/busy-hubs/server/controllers/index.js","s":{"1":1,"2":1,"3":1,"4":1},"b":{},"f":{},"fnMap":{},"statementMap":{"1":{"start":{"line":1,"column":0},"end":{"line":1,"column":60}},"2":{"start":{"line":2,"column":0},"end":{"line":2,"column":52}},"3":{"start":{"line":3,"column":0},"end":{"line":3,"column":59}},"4":{"start":{"line":5,"column":0},"end":{"line":9,"column":2}}},"branchMap":{},"l":{"1":1,"2":1,"3":1,"5":1}},
"/Users/Verem/Code/busy-hubs/server/controllers/business.controller.js":{"path":"/Users/Verem/Code/busy-hubs/server/controllers/business.controller.js","s":{"1":1,"2":1,"3":1,"4":1,"5":0,"6":1,"7":1,"8":1,"9":1,"10":0,"11":1,"12":3,"13":3,"14":2,"15":1,"16":1,"17":1,"18":1,"19":3,"20":3,"21":2,"22":1,"23":1,"24":0,"25":1,"26":1,"27":1,"28":1,"29":1,"30":1,"31":1,"32":1,"33":0,"34":0,"35":1},"b":{"1":[1,1],"2":[1,1],"3":[1,0]},"f":{},"fnMap":{},"statementMap":{"1":{"start":{"line":2,"column":0},"end":{"line":2,"column":36}},"2":{"start":{"line":4,"column":0},"end":{"line":10,"column":2}},"3":{"start":{"line":5,"column":2},"end":{"line":9,"column":5}},"4":{"start":{"line":6,"column":4},"end":{"line":6,"column":44}},"5":{"start":{"line":8,"column":4},"end":{"line":8,"column":39}},"6":{"start":{"line":12,"column":0},"end":{"line":24,"column":2}},"7":{"start":{"line":13,"column":2},"end":{"line":17,"column":4}},"8":{"start":{"line":19,"column":4},"end":{"line":23,"column":7}},"9":{"start":{"line":20,"column":6},"end":{"line":20,"column":44}},"10":{"start":{"line":22,"column":6},"end":{"line":22,"column":58}},"11":{"start":{"line":26,"column":0},"end":{"line":36,"column":2}},"12":{"start":{"line":27,"column":2},"end":{"line":27,"column":27}},"13":{"start":{"line":28,"column":2},"end":{"line":35,"column":5}},"14":{"start":{"line":29,"column":4},"end":{"line":31,"column":5}},"15":{"start":{"line":30,"column":6},"end":{"line":30,"column":44}},"16":{"start":{"line":32,"column":4},"end":{"line":32,"column":67}},"17":{"start":{"line":34,"column":4},"end":{"line":34,"column":39}},"18":{"start":{"line":38,"column":0},"end":{"line":54,"column":2}},"19":{"start":{"line":39,"column":2},"end":{"line":39,"column":27}},"20":{"start":{"line":41,"column":2},"end":{"line":53,"column":5}},"21":{"start":{"line":42,"column":4},"end":{"line":50,"column":5}},"22":{"start":{"line":43,"column":6},"end":{"line":47,"column":9}},"23":{"start":{"line":44,"column":8},"end":{"line":44,"column":53}},"24":{"start":{"line":46,"column":8},"end":{"line":46,"column":43}},"25":{"start":{"line":49,"column":6},"end":{"line":49,"column":67}},"26":{"start":{"line":52,"column":4},"end":{"line":52,"column":42}},"27":{"start":{"line":56,"column":0},"end":{"line":69,"column":2}},"28":{"start":{"line":57,"column":2},"end":{"line":57,"column":27}},"29":{"start":{"line":58,"column":2},"end":{"line":68,"column":5}},"30":{"start":{"line":59,"column":4},"end":{"line":67,"column":5}},"31":{"start":{"line":60,"column":6},"end":{"line":64,"column":9}},"32":{"start":{"line":61,"column":8},"end":{"line":61,"column":69}},"33":{"start":{"line":63,"column":8},"end":{"line":63,"column":60}},"34":{"start":{"line":66,"column":6},"end":{"line":66,"column":73}},"35":{"start":{"line":71,"column":0},"end":{"line":77,"column":2}}},"branchMap":{"1":{"line":29,"type":"if","locations":[{"start":{"line":29,"column":4},"end":{"line":29,"column":4}},{"start":{"line":29,"column":4},"end":{"line":29,"column":4}}]},"2":{"line":42,"type":"if","locations":[{"start":{"line":42,"column":4},"end":{"line":42,"column":4}},{"start":{"line":42,"column":4},"end":{"line":42,"column":4}}]},"3":{"line":59,"type":"if","locations":[{"start":{"line":59,"column":4},"end":{"line":59,"column":4}},{"start":{"line":59,"column":4},"end":{"line":59,"column":4}}]}},"l":{"2":1,"4":1,"5":1,"6":1,"8":0,"12":1,"13":1,"19":1,"20":1,"22":0,"26":1,"27":3,"28":3,"29":2,"30":1,"32":1,"34":1,"38":1,"39":3,"41":3,"42":2,"43":1,"44":1,"46":0,"49":1,"52":1,"56":1,"57":1,"58":1,"59":1,"60":1,"61":1,"63":0,"66":0,"71":1}},
"/Users/Verem/Code/busy-hubs/server/models/index.js":{"path":"/Users/Verem/Code/busy-hubs/server/models/index.js","s":{"1":1,"2":1,"3":1,"4":1,"5":1,"6":1,"7":1,"8":1,"9":0,"10":1,"11":1,"12":7,"13":6,"14":6,"15":1,"16":6,"17":0,"18":1,"19":1,"20":1,"21":1,"22":1,"23":1,"24":1,"25":1,"26":1,"27":1,"28":1,"29":1},"b":{"1":[1,0],"2":[0,1],"3":[7,7,6],"4":[0,6]},"f":{"1":7,"2":6,"3":6},"fnMap":{"1":{"name":"(anonymous_1)","line":19,"loc":{"start":{"line":19,"column":10},"end":{"line":19,"column":25}}},"2":{"name":"(anonymous_2)","line":22,"loc":{"start":{"line":22,"column":11},"end":{"line":22,"column":26}}},"3":{"name":"(anonymous_3)","line":27,"loc":{"start":{"line":27,"column":24},"end":{"line":27,"column":44}}}},"statementMap":{"1":{"start":{"line":3,"column":0},"end":{"line":3,"column":30}},"2":{"start":{"line":4,"column":0},"end":{"line":4,"column":32}},"3":{"start":{"line":5,"column":0},"end":{"line":5,"column":37}},"4":{"start":{"line":6,"column":0},"end":{"line":6,"column":47}},"5":{"start":{"line":7,"column":0},"end":{"line":7,"column":54}},"6":{"start":{"line":8,"column":0},"end":{"line":8,"column":67}},"7":{"start":{"line":9,"column":0},"end":{"line":9,"column":19}},"8":{"start":{"line":11,"column":0},"end":{"line":15,"column":1}},"9":{"start":{"line":12,"column":2},"end":{"line":12,"column":70}},"10":{"start":{"line":14,"column":2},"end":{"line":14,"column":91}},"11":{"start":{"line":17,"column":0},"end":{"line":25,"column":5}},"12":{"start":{"line":20,"column":4},"end":{"line":20,"column":90}},"13":{"start":{"line":23,"column":4},"end":{"line":23,"column":64}},"14":{"start":{"line":24,"column":4},"end":{"line":24,"column":27}},"15":{"start":{"line":27,"column":0},"end":{"line":31,"column":3}},"16":{"start":{"line":28,"column":2},"end":{"line":30,"column":3}},"17":{"start":{"line":29,"column":4},"end":{"line":29,"column":32}},"18":{"start":{"line":33,"column":0},"end":{"line":33,"column":25}},"19":{"start":{"line":34,"column":0},"end":{"line":34,"column":25}},"20":{"start":{"line":36,"column":0},"end":{"line":36,"column":33}},"21":{"start":{"line":37,"column":0},"end":{"line":37,"column":32}},"22":{"start":{"line":38,"column":0},"end":{"line":38,"column":31}},"23":{"start":{"line":39,"column":0},"end":{"line":39,"column":31}},"24":{"start":{"line":40,"column":0},"end":{"line":43,"column":3}},"25":{"start":{"line":45,"column":0},"end":{"line":45,"column":35}},"26":{"start":{"line":46,"column":0},"end":{"line":46,"column":33}},"27":{"start":{"line":48,"column":0},"end":{"line":51,"column":3}},"28":{"start":{"line":53,"column":0},"end":{"line":53,"column":29}},"29":{"start":{"line":55,"column":0},"end":{"line":55,"column":20}}},"branchMap":{"1":{"line":7,"type":"binary-expr","locations":[{"start":{"line":7,"column":16},"end":{"line":7,"column":36}},{"start":{"line":7,"column":40},"end":{"line":7,"column":53}}]},"2":{"line":11,"type":"if","locations":[{"start":{"line":11,"column":0},"end":{"line":11,"column":0}},{"start":{"line":11,"column":0},"end":{"line":11,"column":0}}]},"3":{"line":20,"type":"binary-expr","locations":[{"start":{"line":20,"column":12},"end":{"line":20,"column":35}},{"start":{"line":20,"column":41},"end":{"line":20,"column":58}},{"start":{"line":20,"column":64},"end":{"line":20,"column":88}}]},"4":{"line":28,"type":"if","locations":[{"start":{"line":28,"column":2},"end":{"line":28,"column":2}},{"start":{"line":28,"column":2},"end":{"line":28,"column":2}}]}},"l":{"3":1,"4":1,"5":1,"6":1,"7":1,"8":1,"9":1,"11":1,"12":0,"14":1,"17":1,"20":7,"23":6,"24":6,"27":1,"28":6,"29":0,"33":1,"34":1,"36":1,"37":1,"38":1,"39":1,"40":1,"45":1,"46":1,"48":1,"53":1,"55":1}},
"/Users/Verem/Code/busy-hubs/server/models/business.js":{"path":"/Users/Verem/Code/busy-hubs/server/models/business.js","s":{"1":1,"2":1,"3":1},"b":{},"f":{},"fnMap":{},"statementMap":{"1":{"start":{"line":2,"column":0},"end":{"line":15,"column":2}},"2":{"start":{"line":4,"column":2},"end":{"line":12,"column":5}},"3":{"start":{"line":14,"column":2},"end":{"line":14,"column":18}}},"branchMap":{},"l":{"2":1,"4":1,"14":1}},
"/Users/Verem/Code/busy-hubs/server/models/location.js":{"path":"/Users/Verem/Code/busy-hubs/server/models/location.js","s":{"1":1,"2":1,"3":1},"b":{},"f":{},"fnMap":{},"statementMap":{"1":{"start":{"line":3,"column":0},"end":{"line":15,"column":2}},"2":{"start":{"line":4,"column":2},"end":{"line":12,"column":5}},"3":{"start":{"line":14,"column":2},"end":{"line":14,"column":18}}},"branchMap":{},"l":{"3":1,"4":1,"14":1}},
"/Users/Verem/Code/busy-hubs/server/models/ratings.js":{"path":"/Users/Verem/Code/busy-hubs/server/models/ratings.js","s":{"1":1,"2":1,"3":1},"b":{},"f":{},"fnMap":{},"statementMap":{"1":{"start":{"line":3,"column":0},"end":{"line":15,"column":2}},"2":{"start":{"line":4,"column":2},"end":{"line":12,"column":5}},"3":{"start":{"line":14,"column":2},"end":{"line":14,"column":16}}},"branchMap":{},"l":{"3":1,"4":1,"14":1}},
"/Users/Verem/Code/busy-hubs/server/models/report.js":{"path":"/Users/Verem/Code/busy-hubs/server/models/report.js","s":{"1":1,"2":1,"3":1},"b":{},"f":{},"fnMap":{},"statementMap":{"1":{"start":{"line":3,"column":0},"end":{"line":14,"column":2}},"2":{"start":{"line":4,"column":2},"end":{"line":11,"column":7}},"3":{"start":{"line":13,"column":2},"end":{"line":13,"column":16}}},"branchMap":{},"l":{"3":1,"4":1,"13":1}},
"/Users/Verem/Code/busy-hubs/server/models/service.js":{"path":"/Users/Verem/Code/busy-hubs/server/models/service.js","s":{"1":1,"2":1,"3":1},"b":{},"f":{},"fnMap":{},"statementMap":{"1":{"start":{"line":2,"column":0},"end":{"line":12,"column":2}},"2":{"start":{"line":3,"column":2},"end":{"line":9,"column":5}},"3":{"start":{"line":11,"column":2},"end":{"line":11,"column":17}}},"branchMap":{},"l":{"2":1,"3":1,"11":1}},
"/Users/Verem/Code/busy-hubs/server/models/user.js":{"path":"/Users/Verem/Code/busy-hubs/server/models/user.js","s":{"1":1,"2":1,"3":1,"4":1,"5":1,"6":1,"7":0,"8":0,"9":0,"10":0,"11":0,"12":1,"13":9,"14":9,"15":9,"16":9,"17":0,"18":1},"b":{"1":[0,0]},"f":{"1":1,"2":0},"fnMap":{"1":{"name":"(anonymous_1)","line":13,"loc":{"start":{"line":13,"column":15},"end":{"line":13,"column":18}}},"2":{"name":"(anonymous_2)","line":18,"loc":{"start":{"line":18,"column":23},"end":{"line":18,"column":49}}}},"statementMap":{"1":{"start":{"line":2,"column":0},"end":{"line":2,"column":33}},"2":{"start":{"line":4,"column":0},"end":{"line":44,"column":2}},"3":{"start":{"line":5,"column":2},"end":{"line":30,"column":7}},"4":{"start":{"line":14,"column":10},"end":{"line":14,"column":33}},"5":{"start":{"line":15,"column":10},"end":{"line":15,"column":32}},"6":{"start":{"line":16,"column":10},"end":{"line":16,"column":23}},"7":{"start":{"line":19,"column":10},"end":{"line":27,"column":13}},"8":{"start":{"line":20,"column":12},"end":{"line":26,"column":15}},"9":{"start":{"line":21,"column":14},"end":{"line":25,"column":15}},"10":{"start":{"line":22,"column":16},"end":{"line":22,"column":28}},"11":{"start":{"line":24,"column":16},"end":{"line":24,"column":33}},"12":{"start":{"line":32,"column":2},"end":{"line":41,"column":5}},"13":{"start":{"line":33,"column":4},"end":{"line":40,"column":7}},"14":{"start":{"line":34,"column":6},"end":{"line":37,"column":9}},"15":{"start":{"line":35,"column":8},"end":{"line":35,"column":29}},"16":{"start":{"line":36,"column":8},"end":{"line":36,"column":25}},"17":{"start":{"line":39,"column":6},"end":{"line":39,"column":16}},"18":{"start":{"line":43,"column":2},"end":{"line":43,"column":14}}},"branchMap":{"1":{"line":21,"type":"if","locations":[{"start":{"line":21,"column":14},"end":{"line":21,"column":14}},{"start":{"line":21,"column":14},"end":{"line":21,"column":14}}]}},"l":{"2":1,"4":1,"5":1,"14":1,"15":1,"16":1,"19":0,"20":0,"21":0,"22":0,"24":0,"32":1,"33":9,"34":9,"35":9,"36":9,"39":0,"43":1}},
"/Users/Verem/Code/busy-hubs/server/controllers/user.controller.js":{"path":"/Users/Verem/Code/busy-hubs/server/controllers/user.controller.js","s":{"1":1,"2":1,"3":1,"4":1,"5":1,"6":0,"7":1,"8":1,"9":1,"10":1,"11":1,"12":1,"13":0,"14":1,"15":2,"16":2,"17":2,"18":1,"19":1,"20":0,"21":1,"22":2,"23":2,"24":2,"25":1,"26":1,"27":1,"28":1,"29":1,"30":1,"31":0,"32":1,"33":2,"34":2,"35":2,"36":1,"37":1,"38":1,"39":0,"40":1},"b":{"1":[1,1],"2":[1,1],"3":[1,1]},"f":{},"fnMap":{},"statementMap":{"1":{"start":{"line":3,"column":0},"end":{"line":3,"column":36}},"2":{"start":{"line":4,"column":0},"end":{"line":4,"column":33}},"3":{"start":{"line":6,"column":0},"end":{"line":12,"column":2}},"4":{"start":{"line":7,"column":2},"end":{"line":11,"column":5}},"5":{"start":{"line":8,"column":4},"end":{"line":8,"column":39}},"6":{"start":{"line":10,"column":4},"end":{"line":10,"column":56}},"7":{"start":{"line":14,"column":0},"end":{"line":28,"column":2}},"8":{"start":{"line":15,"column":2},"end":{"line":15,"column":23}},"9":{"start":{"line":16,"column":2},"end":{"line":16,"column":42}},"10":{"start":{"line":18,"column":2},"end":{"line":21,"column":4}},"11":{"start":{"line":23,"column":2},"end":{"line":27,"column":5}},"12":{"start":{"line":24,"column":4},"end":{"line":24,"column":50}},"13":{"start":{"line":26,"column":4},"end":{"line":26,"column":86}},"14":{"start":{"line":30,"column":0},"end":{"line":40,"column":2}},"15":{"start":{"line":31,"column":2},"end":{"line":31,"column":27}},"16":{"start":{"line":32,"column":2},"end":{"line":39,"column":5}},"17":{"start":{"line":33,"column":4},"end":{"line":35,"column":5}},"18":{"start":{"line":34,"column":6},"end":{"line":34,"column":40}},"19":{"start":{"line":36,"column":4},"end":{"line":36,"column":63}},"20":{"start":{"line":38,"column":4},"end":{"line":38,"column":56}},"21":{"start":{"line":42,"column":0},"end":{"line":61,"column":2}},"22":{"start":{"line":43,"column":2},"end":{"line":43,"column":27}},"23":{"start":{"line":44,"column":2},"end":{"line":60,"column":5}},"24":{"start":{"line":45,"column":4},"end":{"line":57,"column":5}},"25":{"start":{"line":46,"column":6},"end":{"line":46,"column":60}},"26":{"start":{"line":47,"column":6},"end":{"line":47,"column":37}},"27":{"start":{"line":48,"column":6},"end":{"line":48,"column":41}},"28":{"start":{"line":52,"column":6},"end":{"line":52,"column":39}},"29":{"start":{"line":54,"column":6},"end":{"line":54,"column":40}},"30":{"start":{"line":56,"column":6},"end":{"line":56,"column":65}},"31":{"start":{"line":59,"column":4},"end":{"line":59,"column":49}},"32":{"start":{"line":63,"column":0},"end":{"line":76,"column":2}},"33":{"start":{"line":64,"column":2},"end":{"line":64,"column":27}},"34":{"start":{"line":66,"column":2},"end":{"line":75,"column":5}},"35":{"start":{"line":67,"column":4},"end":{"line":72,"column":5}},"36":{"start":{"line":68,"column":6},"end":{"line":68,"column":21}},"37":{"start":{"line":69,"column":6},"end":{"line":69,"column":63}},"38":{"start":{"line":71,"column":6},"end":{"line":71,"column":69}},"39":{"start":{"line":74,"column":4},"end":{"line":74,"column":56}},"40":{"start":{"line":80,"column":0},"end":{"line":86,"column":2}}},"branchMap":{"1":{"line":33,"type":"if","locations":[{"start":{"line":33,"column":4},"end":{"line":33,"column":4}},{"start":{"line":33,"column":4},"end":{"line":33,"column":4}}]},"2":{"line":45,"type":"if","locations":[{"start":{"line":45,"column":4},"end":{"line":45,"column":4}},{"start":{"line":45,"column":4},"end":{"line":45,"column":4}}]},"3":{"line":67,"type":"if","locations":[{"start":{"line":67,"column":4},"end":{"line":67,"column":4}},{"start":{"line":67,"column":4},"end":{"line":67,"column":4}}]}},"l":{"3":1,"4":1,"6":1,"7":1,"8":1,"10":0,"14":1,"15":1,"16":1,"18":1,"23":1,"24":1,"26":0,"30":1,"31":2,"32":2,"33":2,"34":1,"36":1,"38":0,"42":1,"43":2,"44":2,"45":2,"46":1,"47":1,"48":1,"52":1,"54":1,"56":1,"59":0,"63":1,"64":2,"66":2,"67":2,"68":1,"69":1,"71":1,"74":0,"80":1}},
"/Users/Verem/Code/busy-hubs/server/controllers/location.controller.js":{"path":"/Users/Verem/Code/busy-hubs/server/controllers/location.controller.js","s":{"1":1,"2":1,"3":1,"4":1,"5":1,"6":0,"7":1,"8":1,"9":1,"10":1,"11":1,"12":1,"13":0,"14":1,"15":1,"16":1,"17":1,"18":0,"19":1,"20":2,"21":2,"22":2,"23":2,"24":2,"25":1,"26":1,"27":1,"28":1,"29":1,"30":1,"31":0,"32":0,"33":1,"34":1,"35":2,"36":2,"37":2,"38":2,"39":1,"40":1,"41":1,"42":0,"43":1},"b":{"1":[1,1],"2":[1,1]},"f":{},"fnMap":{},"statementMap":{"1":{"start":{"line":3,"column":0},"end":{"line":3,"column":36}},"2":{"start":{"line":5,"column":0},"end":{"line":12,"column":2}},"3":{"start":{"line":6,"column":2},"end":{"line":6,"column":28}},"4":{"start":{"line":7,"column":2},"end":{"line":11,"column":5}},"5":{"start":{"line":8,"column":4},"end":{"line":8,"column":43}},"6":{"start":{"line":10,"column":4},"end":{"line":10,"column":56}},"7":{"start":{"line":14,"column":0},"end":{"line":30,"column":2}},"8":{"start":{"line":15,"column":0},"end":{"line":15,"column":27}},"9":{"start":{"line":16,"column":0},"end":{"line":16,"column":38}},"10":{"start":{"line":18,"column":0},"end":{"line":23,"column":2}},"11":{"start":{"line":25,"column":0},"end":{"line":29,"column":3}},"12":{"start":{"line":26,"column":1},"end":{"line":26,"column":39}},"13":{"start":{"line":28,"column":1},"end":{"line":28,"column":53}},"14":{"start":{"line":32,"column":0},"end":{"line":44,"column":2}},"15":{"start":{"line":33,"column":2},"end":{"line":33,"column":33}},"16":{"start":{"line":34,"column":2},"end":{"line":43,"column":5}},"17":{"start":{"line":40,"column":4},"end":{"line":40,"column":42}},"18":{"start":{"line":42,"column":4},"end":{"line":42,"column":30}},"19":{"start":{"line":46,"column":0},"end":{"line":70,"column":1}},"20":{"start":{"line":47,"column":2},"end":{"line":47,"column":31}},"21":{"start":{"line":48,"column":2},"end":{"line":48,"column":29}},"22":{"start":{"line":49,"column":2},"end":{"line":49,"column":36}},"23":{"start":{"line":51,"column":1},"end":{"line":69,"column":4}},"24":{"start":{"line":52,"column":2},"end":{"line":68,"column":3}},"25":{"start":{"line":53,"column":3},"end":{"line":65,"column":9}},"26":{"start":{"line":54,"column":8},"end":{"line":54,"column":31}},"27":{"start":{"line":55,"column":8},"end":{"line":55,"column":29}},"28":{"start":{"line":56,"column":8},"end":{"line":56,"column":27}},"29":{"start":{"line":58,"column":8},"end":{"line":62,"column":10}},"30":{"start":{"line":59,"column":10},"end":{"line":59,"column":47}},"31":{"start":{"line":61,"column":10},"end":{"line":61,"column":61}},"32":{"start":{"line":64,"column":8},"end":{"line":64,"column":62}},"33":{"start":{"line":67,"column":6},"end":{"line":67,"column":76}},"34":{"start":{"line":72,"column":0},"end":{"line":92,"column":1}},"35":{"start":{"line":73,"column":2},"end":{"line":73,"column":25}},"36":{"start":{"line":74,"column":2},"end":{"line":74,"column":29}},"37":{"start":{"line":76,"column":2},"end":{"line":91,"column":5}},"38":{"start":{"line":82,"column":4},"end":{"line":88,"column":5}},"39":{"start":{"line":83,"column":6},"end":{"line":85,"column":9}},"40":{"start":{"line":84,"column":8},"end":{"line":84,"column":81}},"41":{"start":{"line":87,"column":6},"end":{"line":87,"column":75}},"42":{"start":{"line":90,"column":4},"end":{"line":90,"column":56}},"43":{"start":{"line":94,"column":0},"end":{"line":100,"column":1}}},"branchMap":{"1":{"line":52,"type":"if","locations":[{"start":{"line":52,"column":2},"end":{"line":52,"column":2}},{"start":{"line":52,"column":2},"end":{"line":52,"column":2}}]},"2":{"line":82,"type":"if","locations":[{"start":{"line":82,"column":4},"end":{"line":82,"column":4}},{"start":{"line":82,"column":4},"end":{"line":82,"column":4}}]}},"l":{"3":1,"5":1,"6":1,"7":1,"8":1,"10":0,"14":1,"15":1,"16":1,"18":1,"25":1,"26":1,"28":0,"32":1,"33":1,"34":1,"40":1,"42":0,"46":1,"47":2,"48":2,"49":2,"51":2,"52":2,"53":1,"54":1,"55":1,"56":1,"58":1,"59":1,"61":0,"64":0,"67":1,"72":1,"73":2,"74":2,"76":2,"82":2,"83":1,"84":1,"87":1,"90":0,"94":1}}}
