TN:
SF:/Users/Verem/Code/busy-hubs/server/controllers/index.js
FNF:0
FNH:0
DA:1,1
DA:2,1
DA:3,1
DA:5,1
LF:4
LH:4
BRF:0
BRH:0
end_of_record
TN:
SF:/Users/Verem/Code/busy-hubs/server/controllers/business.controller.js
FNF:0
FNH:0
DA:2,1
DA:4,1
DA:5,1
DA:6,1
DA:8,0
DA:12,1
DA:13,1
DA:19,1
DA:20,1
DA:22,0
DA:26,1
DA:27,3
DA:28,3
DA:29,2
DA:30,1
DA:32,1
DA:34,1
DA:38,1
DA:39,3
DA:41,3
DA:42,2
DA:43,1
DA:44,1
DA:46,0
DA:49,1
DA:52,1
DA:56,1
DA:57,1
DA:58,1
DA:59,1
DA:60,1
DA:61,1
DA:63,0
DA:66,0
DA:71,1
LF:35
LH:30
BRDA:29,1,0,1
BRDA:29,1,1,1
BRDA:42,2,0,1
BRDA:42,2,1,1
BRDA:59,3,0,1
BRDA:59,3,1,0
BRF:6
BRH:5
end_of_record
TN:
SF:/Users/Verem/Code/busy-hubs/server/models/index.js
FN:19,(anonymous_1)
FN:22,(anonymous_2)
FN:27,(anonymous_3)
FNF:3
FNH:3
FNDA:7,(anonymous_1)
FNDA:6,(anonymous_2)
FNDA:6,(anonymous_3)
DA:3,1
DA:4,1
DA:5,1
DA:6,1
DA:7,1
DA:8,1
DA:9,1
DA:11,1
DA:12,0
DA:14,1
DA:17,1
DA:20,7
DA:23,6
DA:24,6
DA:27,1
DA:28,6
DA:29,0
DA:33,1
DA:34,1
DA:36,1
DA:37,1
DA:38,1
DA:39,1
DA:40,1
DA:45,1
DA:46,1
DA:48,1
DA:53,1
DA:55,1
LF:29
LH:27
BRDA:7,1,0,1
BRDA:7,1,1,0
BRDA:11,2,0,0
BRDA:11,2,1,1
BRDA:20,3,0,7
BRDA:20,3,1,7
BRDA:20,3,2,6
BRDA:28,4,0,0
BRDA:28,4,1,6
BRF:9
BRH:6
end_of_record
TN:
SF:/Users/Verem/Code/busy-hubs/server/models/business.js
FNF:0
FNH:0
DA:2,1
DA:4,1
DA:14,1
LF:3
LH:3
BRF:0
BRH:0
end_of_record
TN:
SF:/Users/Verem/Code/busy-hubs/server/models/location.js
FNF:0
FNH:0
DA:3,1
DA:4,1
DA:14,1
LF:3
LH:3
BRF:0
BRH:0
end_of_record
TN:
SF:/Users/Verem/Code/busy-hubs/server/models/ratings.js
FNF:0
FNH:0
DA:3,1
DA:4,1
DA:14,1
LF:3
LH:3
BRF:0
BRH:0
end_of_record
TN:
SF:/Users/Verem/Code/busy-hubs/server/models/report.js
FNF:0
FNH:0
DA:3,1
DA:4,1
DA:13,1
LF:3
LH:3
BRF:0
BRH:0
end_of_record
TN:
SF:/Users/Verem/Code/busy-hubs/server/models/service.js
FNF:0
FNH:0
DA:2,1
DA:3,1
DA:11,1
LF:3
LH:3
BRF:0
BRH:0
end_of_record
TN:
SF:/Users/Verem/Code/busy-hubs/server/models/user.js
FN:13,(anonymous_1)
FN:18,(anonymous_2)
FNF:2
FNH:1
FNDA:1,(anonymous_1)
FNDA:0,(anonymous_2)
DA:2,1
DA:4,1
DA:5,1
DA:14,1
DA:15,1
DA:16,1
DA:19,0
DA:20,0
DA:21,0
DA:22,0
DA:24,0
DA:32,1
DA:33,9
DA:34,9
DA:35,9
DA:36,9
DA:39,0
DA:43,1
LF:18
LH:12
BRDA:21,1,0,0
BRDA:21,1,1,0
BRF:2
BRH:0
end_of_record
TN:
SF:/Users/Verem/Code/busy-hubs/server/controllers/user.controller.js
FNF:0
FNH:0
DA:3,1
DA:4,1
DA:6,1
DA:7,1
DA:8,1
DA:10,0
DA:14,1
DA:15,1
DA:16,1
DA:18,1
DA:23,1
DA:24,1
DA:26,0
DA:30,1
DA:31,2
DA:32,2
DA:33,2
DA:34,1
DA:36,1
DA:38,0
DA:42,1
DA:43,2
DA:44,2
DA:45,2
DA:46,1
DA:47,1
DA:48,1
DA:52,1
DA:54,1
DA:56,1
DA:59,0
DA:63,1
DA:64,2
DA:66,2
DA:67,2
DA:68,1
DA:69,1
DA:71,1
DA:74,0
DA:80,1
LF:40
LH:35
BRDA:33,1,0,1
BRDA:33,1,1,1
BRDA:45,2,0,1
BRDA:45,2,1,1
BRDA:67,3,0,1
BRDA:67,3,1,1
BRF:6
BRH:6
end_of_record
TN:
SF:/Users/Verem/Code/busy-hubs/server/controllers/location.controller.js
FNF:0
FNH:0
DA:3,1
DA:5,1
DA:6,1
DA:7,1
DA:8,1
DA:10,0
DA:14,1
DA:15,1
DA:16,1
DA:18,1
DA:25,1
DA:26,1
DA:28,0
DA:32,1
DA:33,1
DA:34,1
DA:40,1
DA:42,0
DA:46,1
DA:47,2
DA:48,2
DA:49,2
DA:51,2
DA:52,2
DA:53,1
DA:54,1
DA:55,1
DA:56,1
DA:58,1
DA:59,1
DA:61,0
DA:64,0
DA:67,1
DA:72,1
DA:73,2
DA:74,2
DA:76,2
DA:82,2
DA:83,1
DA:84,1
DA:87,1
DA:90,0
DA:94,1
LF:43
LH:37
BRDA:52,1,0,1
BRDA:52,1,1,1
BRDA:82,2,0,1
BRDA:82,2,1,1
BRF:4
BRH:4
end_of_record
